TN:
SF:config\database.ts
FNF:0
FNH:0
DA:1,1
DA:2,1
DA:3,1
DA:4,1
DA:5,1
DA:6,1
DA:7,1
DA:8,1
DA:9,1
DA:10,1
DA:11,1
DA:12,1
DA:13,1
DA:14,1
DA:15,1
DA:16,1
DA:17,1
DA:18,1
DA:19,1
DA:20,1
DA:21,1
DA:22,1
DA:23,1
DA:24,1
DA:25,1
DA:26,1
DA:27,1
LF:27
LH:27
BRF:0
BRH:0
end_of_record
TN:
SF:src\controllers\monitoringController.ts
FN:3,getMonitoring
FNF:1
FNH:1
FNDA:1,getMonitoring
DA:1,1
DA:2,1
DA:3,1
DA:4,1
DA:5,1
DA:6,1
DA:7,1
DA:8,1
DA:9,1
DA:10,1
LF:10
LH:10
BRDA:3,0,0,1
BRDA:3,1,0,1
BRF:2
BRH:2
end_of_record
TN:
SF:src\controllers\userController.ts
FN:7,signup
FN:46,getUserInfo
FN:79,signin
FN:131,getAllUsers
FN:136,deleteUser
FN:159,updateUserRole
FNF:6
FNH:5
FNDA:4,signup
FNDA:0,getUserInfo
FNDA:5,signin
FNDA:7,getAllUsers
FNDA:3,deleteUser
FNDA:4,updateUserRole
DA:1,1
DA:2,1
DA:3,1
DA:4,1
DA:5,1
DA:6,1
DA:7,1
DA:8,4
DA:9,4
DA:10,4
DA:11,4
DA:12,4
DA:13,4
DA:14,4
DA:15,1
DA:16,1
DA:17,1
DA:18,1
DA:19,3
DA:20,3
DA:21,3
DA:22,4
DA:23,4
DA:24,3
DA:25,3
DA:26,3
DA:27,3
DA:28,3
DA:29,3
DA:30,3
DA:31,3
DA:32,3
DA:33,2
DA:34,2
DA:35,2
DA:36,2
DA:37,2
DA:38,4
DA:39,1
DA:40,1
DA:41,1
DA:42,1
DA:43,1
DA:44,4
DA:45,1
DA:46,1
DA:47,0
DA:48,0
DA:49,0
DA:50,0
DA:51,0
DA:52,0
DA:53,0
DA:54,0
DA:55,0
DA:56,0
DA:57,0
DA:58,0
DA:59,0
DA:60,0
DA:61,0
DA:62,0
DA:63,0
DA:64,0
DA:65,0
DA:66,0
DA:67,0
DA:68,0
DA:69,0
DA:70,0
DA:71,0
DA:72,0
DA:73,0
DA:74,0
DA:75,0
DA:76,0
DA:77,0
DA:78,1
DA:79,1
DA:80,5
DA:81,5
DA:82,5
DA:83,5
DA:84,5
DA:85,5
DA:86,5
DA:87,5
DA:88,1
DA:89,1
DA:90,1
DA:91,1
DA:92,4
DA:93,4
DA:94,4
DA:95,4
DA:96,3
DA:97,3
DA:98,3
DA:99,5
DA:100,5
DA:101,3
DA:102,5
DA:103,1
DA:104,1
DA:105,1
DA:106,1
DA:107,2
DA:108,2
DA:109,2
DA:110,2
DA:111,2
DA:112,2
DA:113,2
DA:114,2
DA:115,2
DA:116,2
DA:117,2
DA:118,2
DA:119,5
DA:120,1
DA:121,1
DA:122,1
DA:123,1
DA:124,1
DA:125,5
DA:126,1
DA:127,1
DA:128,1
DA:129,1
DA:130,1
DA:131,1
DA:132,7
DA:133,7
DA:134,7
DA:135,1
DA:136,1
DA:137,3
DA:138,3
DA:139,3
DA:140,3
DA:141,3
DA:142,3
DA:143,3
DA:144,3
DA:145,3
DA:146,1
DA:147,1
DA:148,1
DA:149,1
DA:150,2
DA:151,1
DA:152,1
DA:153,1
DA:154,1
DA:155,1
DA:156,1
DA:157,3
DA:158,1
DA:159,1
DA:160,4
DA:161,4
DA:162,4
DA:163,4
DA:164,4
DA:165,4
DA:166,4
DA:167,1
DA:168,1
DA:169,3
DA:170,4
DA:171,0
DA:172,0
DA:173,4
DA:174,1
DA:175,1
DA:176,1
DA:177,1
DA:178,1
DA:179,1
DA:180,1
DA:181,1
DA:182,1
DA:183,1
DA:184,4
DA:185,1
DA:186,1
DA:187,1
DA:188,1
DA:189,1
DA:190,1
DA:191,1
DA:192,1
DA:193,1
LF:193
LH:160
BRDA:7,0,0,4
BRDA:10,1,0,4
BRDA:14,2,0,3
BRDA:14,3,0,1
BRDA:19,4,0,3
BRDA:22,5,0,1
BRDA:22,6,0,2
BRDA:24,7,0,3
BRDA:33,8,0,2
BRDA:38,9,0,1
BRDA:79,10,0,5
BRDA:82,11,0,5
BRDA:87,12,0,1
BRDA:92,13,0,4
BRDA:96,14,0,3
BRDA:99,15,0,0
BRDA:99,16,0,3
BRDA:101,17,0,3
BRDA:102,18,0,1
BRDA:107,19,0,2
BRDA:119,20,0,1
BRDA:131,21,0,7
BRDA:131,22,0,7
BRDA:136,23,0,3
BRDA:139,24,0,3
BRDA:145,25,0,1
BRDA:150,26,0,2
BRDA:151,27,0,1
BRDA:159,28,0,4
BRDA:162,29,0,4
BRDA:166,30,0,1
BRDA:169,31,0,3
BRDA:170,32,0,2
BRDA:170,33,0,0
BRDA:173,34,0,2
BRDA:173,35,0,1
BRF:36
BRH:34
end_of_record
TN:
SF:src\middlewares\verifyToken.ts
FN:12,verifyToken
FNF:1
FNH:0
FNDA:0,verifyToken
DA:1,1
DA:2,1
DA:3,1
DA:4,1
DA:5,1
DA:6,1
DA:7,1
DA:8,1
DA:9,1
DA:10,1
DA:11,1
DA:12,1
DA:13,0
DA:14,0
DA:15,0
DA:16,0
DA:17,0
DA:18,0
DA:19,0
DA:20,0
DA:21,0
DA:22,0
DA:23,0
DA:24,0
DA:25,0
DA:26,0
DA:27,0
DA:28,0
DA:29,0
DA:30,0
DA:31,0
DA:32,0
DA:33,0
DA:34,0
DA:35,0
DA:36,1
DA:37,1
LF:37
LH:14
BRF:0
BRH:0
end_of_record
TN:
SF:src\middlewares\verifyTokenAdmin.ts
FN:5,verifyTokenAdmin
FNF:1
FNH:0
FNDA:0,verifyTokenAdmin
DA:1,1
DA:2,1
DA:3,1
DA:4,1
DA:5,1
DA:6,0
DA:7,0
DA:8,0
DA:9,0
DA:10,0
DA:11,0
DA:12,0
DA:13,0
DA:14,0
DA:15,0
DA:16,0
DA:17,0
DA:18,0
DA:19,0
DA:20,0
DA:21,0
DA:22,0
DA:23,0
DA:24,0
DA:25,0
DA:26,0
DA:27,0
DA:28,0
DA:29,1
DA:30,1
LF:30
LH:7
BRF:0
BRH:0
end_of_record
TN:
SF:src\models\User.ts
FNF:0
FNH:0
DA:1,1
DA:2,1
DA:3,1
DA:4,1
DA:5,1
DA:6,1
DA:7,1
DA:8,1
DA:9,1
DA:10,1
DA:11,1
DA:12,1
DA:13,1
DA:14,1
DA:15,1
DA:16,1
DA:17,1
DA:18,1
DA:19,1
DA:20,1
DA:21,1
DA:22,1
DA:23,1
DA:24,1
DA:25,1
DA:26,1
DA:27,1
DA:28,1
DA:29,1
DA:30,1
DA:31,1
DA:32,1
DA:33,1
DA:34,1
DA:35,1
DA:36,1
DA:37,1
DA:38,1
DA:39,1
DA:40,1
DA:41,1
DA:42,1
DA:43,1
DA:44,1
DA:45,1
DA:46,1
DA:47,1
DA:48,1
DA:49,1
DA:50,1
DA:51,1
DA:52,1
DA:53,1
DA:54,1
DA:55,1
DA:56,1
DA:57,1
DA:58,1
DA:59,1
DA:60,1
DA:61,1
DA:62,1
LF:62
LH:62
BRF:0
BRH:0
end_of_record
